<?xml version="1.0" encoding="UTF-8"?>
<!-- Generated by org.testng.reporters.JUnitXMLReporter -->
<testsuite ignored="0" hostname="DESKTOP-M1HV3HK" failures="0" tests="3" name="Test" time="166.864" errors="0" timestamp="2021-12-17T15:06:32 IST">
  <testcase classname="com.prj.catlog.Categories" name="categories" time="53.688"/>
  <testcase classname="com.prj.design.Design" name="design" time="28.025"/>
  <testcase classname="com.prj.extension.Marketplace" name="marketplace" time="36.598"/>
</testsuite> <!-- Test -->
