<?xml version="1.0" encoding="UTF-8"?>
<testsuite xmlns:xsi="http://www.w3.org/2001/XMLSchema-instance" xsi:noNamespaceSchemaLocation="https://maven.apache.org/surefire/maven-surefire-plugin/xsd/surefire-test-report-3.0.xsd" version="3.0" name="TestSuite" time="167.099" tests="3" errors="0" skipped="0" failures="0">
  <properties>
[...]
</properties>
  <testcase name="categories" classname="com.prj.catlog.Categories" time="53.688"/>
  <testcase name="design" classname="com.prj.design.Design" time="28.025"/>
  <testcase name="marketplace" classname="com.prj.extension.Marketplace" time="36.598"/>
</testsuite>