<?xml version="1.0" encoding="UTF-8"?>
<testng-results ignored="0" total="3" passed="3" failed="0" skipped="0">
  <reporter-output>
  </reporter-output>
  <suite started-at="2021-12-17T15:03:45 IST" name="Suite" finished-at="2021-12-17T15:06:32 IST" duration-ms="166864">
    <groups>
    </groups>
    <test started-at="2021-12-17T15:03:45 IST" name="Test" finished-at="2021-12-17T15:06:32 IST" duration-ms="166864">
      <class name="com.prj.catlog.Categories">
        <test-method is-config="true" signature="testBase()[pri:0, instance:com.prj.catlog.Categories@561b6512]" started-at="2021-12-17T15:03:45 IST" name="testBase" finished-at="2021-12-17T15:04:00 IST" duration-ms="14757" status="PASS">
          <reporter-output>
          </reporter-output>
        </test-method> <!-- testBase -->
        <test-method signature="categories()[pri:0, instance:com.prj.catlog.Categories@561b6512]" started-at="2021-12-17T15:04:00 IST" name="categories" finished-at="2021-12-17T15:04:54 IST" duration-ms="53688" status="PASS">
          <reporter-output>
          </reporter-output>
        </test-method> <!-- categories -->
        <test-method is-config="true" signature="teardown()[pri:0, instance:com.prj.catlog.Categories@561b6512]" started-at="2021-12-17T15:04:54 IST" name="teardown" finished-at="2021-12-17T15:04:55 IST" duration-ms="679" status="PASS">
          <reporter-output>
          </reporter-output>
        </test-method> <!-- teardown -->
      </class> <!-- com.prj.catlog.Categories -->
      <class name="com.prj.extension.Marketplace">
        <test-method is-config="true" signature="testBase()[pri:0, instance:com.prj.extension.Marketplace@1757cd72]" started-at="2021-12-17T15:05:41 IST" name="testBase" finished-at="2021-12-17T15:05:55 IST" duration-ms="13776" status="PASS">
          <reporter-output>
          </reporter-output>
        </test-method> <!-- testBase -->
        <test-method signature="marketplace()[pri:0, instance:com.prj.extension.Marketplace@1757cd72]" started-at="2021-12-17T15:05:55 IST" name="marketplace" finished-at="2021-12-17T15:06:32 IST" duration-ms="36598" status="PASS">
          <reporter-output>
          </reporter-output>
        </test-method> <!-- marketplace -->
        <test-method is-config="true" signature="teardown()[pri:0, instance:com.prj.extension.Marketplace@1757cd72]" started-at="2021-12-17T15:06:32 IST" name="teardown" finished-at="2021-12-17T15:06:32 IST" duration-ms="637" status="PASS">
          <reporter-output>
          </reporter-output>
        </test-method> <!-- teardown -->
      </class> <!-- com.prj.extension.Marketplace -->
      <class name="com.prj.design.Design">
        <test-method is-config="true" signature="testBase()[pri:0, instance:com.prj.design.Design@2e377400]" started-at="2021-12-17T15:04:55 IST" name="testBase" finished-at="2021-12-17T15:05:13 IST" duration-ms="18027" status="PASS">
          <reporter-output>
          </reporter-output>
        </test-method> <!-- testBase -->
        <test-method signature="design()[pri:0, instance:com.prj.design.Design@2e377400]" started-at="2021-12-17T15:05:13 IST" name="design" finished-at="2021-12-17T15:05:41 IST" duration-ms="28025" status="PASS">
          <reporter-output>
          </reporter-output>
        </test-method> <!-- design -->
        <test-method is-config="true" signature="teardown()[pri:0, instance:com.prj.design.Design@2e377400]" started-at="2021-12-17T15:05:41 IST" name="teardown" finished-at="2021-12-17T15:05:41 IST" duration-ms="651" status="PASS">
          <reporter-output>
          </reporter-output>
        </test-method> <!-- teardown -->
      </class> <!-- com.prj.design.Design -->
    </test> <!-- Test -->
  </suite> <!-- Suite -->
</testng-results>
